-------------------------------------------------------------------------------
Test set: org.orthologyapi.controller.OrthologControllerTest
-------------------------------------------------------------------------------
Tests run: 6, Failures: 0, Errors: 6, Skipped: 0, Time elapsed: 6.736 s <<< FAILURE! - in org.orthologyapi.controller.OrthologControllerTest
findAllOneToOneOrthologsByMouseGeneList  Time elapsed: 0.219 s  <<< ERROR!
org.dbunit.dataset.datatype.TypeCastException: Error casting value for table 'HUMAN_MAPPING_FILTER' and column 'SUPPORT_COUNT_THRESHOLD'
Caused by: org.dbunit.dataset.datatype.TypeCastException: Unable to typecast value <> of type <java.lang.String> to BIGINT
Caused by: java.lang.NumberFormatException
Caused by: java.lang.ArrayIndexOutOfBoundsException: Index 0 out of bounds for length 0

export  Time elapsed: 0.039 s  <<< ERROR!
org.dbunit.dataset.datatype.TypeCastException: Error casting value for table 'HUMAN_MAPPING_FILTER' and column 'SUPPORT_COUNT_THRESHOLD'
Caused by: org.dbunit.dataset.datatype.TypeCastException: Unable to typecast value <> of type <java.lang.String> to BIGINT
Caused by: java.lang.NumberFormatException
Caused by: java.lang.ArrayIndexOutOfBoundsException: Index 0 out of bounds for length 0

findAllOneToOneOrthologsByMgiAccessionIdList  Time elapsed: 0.047 s  <<< ERROR!
org.dbunit.dataset.datatype.TypeCastException: Error casting value for table 'HUMAN_MAPPING_FILTER' and column 'SUPPORT_COUNT_THRESHOLD'
Caused by: org.dbunit.dataset.datatype.TypeCastException: Unable to typecast value <> of type <java.lang.String> to BIGINT
Caused by: java.lang.NumberFormatException
Caused by: java.lang.ArrayIndexOutOfBoundsException: Index 0 out of bounds for length 0

findAllOrthologsPageable  Time elapsed: 0.047 s  <<< ERROR!
org.dbunit.dataset.datatype.TypeCastException: Error casting value for table 'HUMAN_MAPPING_FILTER' and column 'SUPPORT_COUNT_THRESHOLD'
Caused by: org.dbunit.dataset.datatype.TypeCastException: Unable to typecast value <> of type <java.lang.String> to BIGINT
Caused by: java.lang.NumberFormatException
Caused by: java.lang.ArrayIndexOutOfBoundsException: Index 0 out of bounds for length 0

findAllOneToOneOrthologsByHgncAccessionIdList  Time elapsed: 0.051 s  <<< ERROR!
org.dbunit.dataset.datatype.TypeCastException: Error casting value for table 'HUMAN_MAPPING_FILTER' and column 'SUPPORT_COUNT_THRESHOLD'
Caused by: org.dbunit.dataset.datatype.TypeCastException: Unable to typecast value <> of type <java.lang.String> to BIGINT
Caused by: java.lang.NumberFormatException
Caused by: java.lang.ArrayIndexOutOfBoundsException: Index 0 out of bounds for length 0

findAllOneToOneOrthologsByHumanGeneList  Time elapsed: 0.075 s  <<< ERROR!
org.dbunit.dataset.datatype.TypeCastException: Error casting value for table 'HUMAN_MAPPING_FILTER' and column 'SUPPORT_COUNT_THRESHOLD'
Caused by: org.dbunit.dataset.datatype.TypeCastException: Unable to typecast value <> of type <java.lang.String> to BIGINT
Caused by: java.lang.NumberFormatException
Caused by: java.lang.ArrayIndexOutOfBoundsException: Index 0 out of bounds for length 0

