-------------------------------------------------------------------------------
Test set: org.orthologyapi.OrthologyApiApplicationTests
-------------------------------------------------------------------------------
Tests run: 1, Failures: 0, Errors: 1, Skipped: 0, Time elapsed: 8.245 s <<< FAILURE! - in org.orthologyapi.OrthologyApiApplicationTests
contextLoads  Time elapsed: 0.014 s  <<< ERROR!
java.lang.IllegalStateException: Failed to load ApplicationContext
Caused by: org.springframework.beans.factory.BeanCreationException: Error creating bean with name 'entityManagerFactory' defined in class path resource [org/springframework/boot/autoconfigure/orm/jpa/HibernateJpaConfiguration.class]: Bean instantiation via factory method failed; nested exception is org.springframework.beans.BeanInstantiationException: Failed to instantiate [org.springframework.orm.jpa.LocalContainerEntityManagerFactoryBean]: Factory method 'entityManagerFactory' threw exception; nested exception is java.lang.AbstractMethodError: Receiver class org.postgresql.jdbc3.Jdbc3Connection does not define or inherit an implementation of the resolved method 'abstract boolean isValid(int)' of interface java.sql.Connection.
Caused by: org.springframework.beans.BeanInstantiationException: Failed to instantiate [org.springframework.orm.jpa.LocalContainerEntityManagerFactoryBean]: Factory method 'entityManagerFactory' threw exception; nested exception is java.lang.AbstractMethodError: Receiver class org.postgresql.jdbc3.Jdbc3Connection does not define or inherit an implementation of the resolved method 'abstract boolean isValid(int)' of interface java.sql.Connection.
Caused by: java.lang.AbstractMethodError: Receiver class org.postgresql.jdbc3.Jdbc3Connection does not define or inherit an implementation of the resolved method 'abstract boolean isValid(int)' of interface java.sql.Connection.

